<?xml version="1.0" encoding="UTF-8"?>
<!-- Generated by org.testng.reporters.JUnitXMLReporter -->
<testsuite ignored="0" hostname="DESKTOP-M4FGBCI" failures="0" tests="10" name="Test" time="6.878" errors="0" timestamp="2024-05-04T15:59:22 IST">
  <testcase classname="Testingbaba_Test.Check_box_test" name="@BeforeTest getLaunch2" time="6.796">
    <failure type="org.openqa.selenium.ElementClickInterceptedException" message="element click intercepted: Element &amp;lt;a class=&amp;quot;nav-link&amp;quot; href=&amp;quot;newdemo.html&amp;quot;&amp;gt;...&amp;lt;/a&amp;gt; is not clickable at point (599, 39). Other element would receive the click: &amp;lt;div id=&amp;quot;myModal2&amp;quot; class=&amp;quot;modal fade show&amp;quot; style=&amp;quot;padding-right: 17px; display: block;&amp;quot;&amp;gt;...&amp;lt;/div&amp;gt;
  (Session info: chrome=124.0.6367.119)
Build info: version: &amp;apos;3.141.59&amp;apos;, revision: &amp;apos;e82be7d358&amp;apos;, time: &amp;apos;2018-11-14T08:17:03&amp;apos;
System info: host: &amp;apos;DESKTOP-M4FGBCI&amp;apos;, ip: &amp;apos;192.168.1.10&amp;apos;, os.name: &amp;apos;Windows 11&amp;apos;, os.arch: &amp;apos;amd64&amp;apos;, os.version: &amp;apos;10.0&amp;apos;, java.version: &amp;apos;21.0.1&amp;apos;
Driver info: org.openqa.selenium.chrome.ChromeDriver
Capabilities {acceptInsecureCerts: false, browserName: chrome, browserVersion: 124.0.6367.119, chrome: {chromedriverVersion: 123.0.6312.122 (31f8248cdd9..., userDataDir: C:\Users\AMITKU~1\AppData\L...}, fedcm:accounts: true, goog:chromeOptions: {debuggerAddress: localhost:54433}, javascriptEnabled: true, networkConnectionEnabled: false, pageLoadStrategy: normal, platform: WINDOWS, platformName: WINDOWS, proxy: Proxy(), setWindowRect: true, strictFileInteractability: false, timeouts: {implicit: 0, pageLoad: 300000, script: 30000}, unhandledPromptBehavior: dismiss and notify, webauthn:extension:credBlob: true, webauthn:extension:largeBlob: true, webauthn:extension:minPinLength: true, webauthn:extension:prf: true, webauthn:virtualAuthenticators: true}
Session ID: 0c5428172a0a3f101b6891720a47a02d">
      <![CDATA[org.openqa.selenium.ElementClickInterceptedException: element click intercepted: Element <a class="nav-link" href="newdemo.html">...</a> is not clickable at point (599, 39). Other element would receive the click: <div id="myModal2" class="modal fade show" style="padding-right: 17px; display: block;">...</div>
  (Session info: chrome=124.0.6367.119)
Build info: version: '3.141.59', revision: 'e82be7d358', time: '2018-11-14T08:17:03'
System info: host: 'DESKTOP-M4FGBCI', ip: '192.168.1.10', os.name: 'Windows 11', os.arch: 'amd64', os.version: '10.0', java.version: '21.0.1'
Driver info: org.openqa.selenium.chrome.ChromeDriver
Capabilities {acceptInsecureCerts: false, browserName: chrome, browserVersion: 124.0.6367.119, chrome: {chromedriverVersion: 123.0.6312.122 (31f8248cdd9..., userDataDir: C:\Users\AMITKU~1\AppData\L...}, fedcm:accounts: true, goog:chromeOptions: {debuggerAddress: localhost:54433}, javascriptEnabled: true, networkConnectionEnabled: false, pageLoadStrategy: normal, platform: WINDOWS, platformName: WINDOWS, proxy: Proxy(), setWindowRect: true, strictFileInteractability: false, timeouts: {implicit: 0, pageLoad: 300000, script: 30000}, unhandledPromptBehavior: dismiss and notify, webauthn:extension:credBlob: true, webauthn:extension:largeBlob: true, webauthn:extension:minPinLength: true, webauthn:extension:prf: true, webauthn:virtualAuthenticators: true}
Session ID: 0c5428172a0a3f101b6891720a47a02d
at org.openqa.selenium.remote.http.W3CHttpResponseCodec.createException(W3CHttpResponseCodec.java:187)
at org.openqa.selenium.remote.http.W3CHttpResponseCodec.decode(W3CHttpResponseCodec.java:122)
at org.openqa.selenium.remote.http.W3CHttpResponseCodec.decode(W3CHttpResponseCodec.java:49)
at org.openqa.selenium.remote.HttpCommandExecutor.execute(HttpCommandExecutor.java:158)
at org.openqa.selenium.remote.service.DriverCommandExecutor.execute(DriverCommandExecutor.java:83)
at org.openqa.selenium.remote.RemoteWebDriver.execute(RemoteWebDriver.java:552)
at org.openqa.selenium.remote.RemoteWebElement.execute(RemoteWebElement.java:285)
at org.openqa.selenium.remote.RemoteWebElement.click(RemoteWebElement.java:84)
at Baselibrary.Baselibrary_new.getLaunch(Baselibrary_new.java:24)
at Testingbaba_Test.Check_box_test.getLaunch2(Check_box_test.java:16)
... Removed 25 stack frames]]>
    </failure>
  </testcase> <!-- @BeforeTest getLaunch2 -->
  <testcase classname="Testingbaba_Test.Login_test" name="@BeforeTest getLaunchUrl_testingbaba" time="-1.714818561952E9">
    <skipped/>
  </testcase> <!-- @BeforeTest getLaunchUrl_testingbaba -->
  <testcase classname="Testingbaba_Test.Textbox_test" name="@BeforeTest getLaunch1" time="-1.714818561953E9">
    <skipped/>
  </testcase> <!-- @BeforeTest getLaunch1 -->
  <testcase classname="Testingbaba_Test.Textbox_test" name="clickbox" time="0.0">
    <skipped/>
  </testcase> <!-- clickbox -->
  <testcase classname="Testingbaba_Test.Textbox_test" name="readdata" time="0.0">
    <skipped/>
  </testcase> <!-- readdata -->
  <testcase classname="Testingbaba_Test.Textbox_test" name="btn" time="0.0">
    <skipped/>
  </testcase> <!-- btn -->
  <testcase classname="Testingbaba_Test.Check_box_test" name="element" time="0.0">
    <skipped/>
  </testcase> <!-- element -->
  <testcase classname="Testingbaba_Test.Check_box_test" name="checkbox" time="0.0">
    <skipped/>
  </testcase> <!-- checkbox -->
  <testcase classname="Testingbaba_Test.Check_box_test" name="mobile" time="0.0">
    <skipped/>
  </testcase> <!-- mobile -->
  <testcase classname="Testingbaba_Test.Check_box_test" name="laptop" time="0.0">
    <skipped/>
  </testcase> <!-- laptop -->
  <testcase classname="Testingbaba_Test.Check_box_test" name="desktop" time="0.0">
    <skipped/>
  </testcase> <!-- desktop -->
  <testcase classname="Testingbaba_Test.Login_test" name="getTitle" time="0.0">
    <skipped/>
  </testcase> <!-- getTitle -->
  <testcase classname="Testingbaba_Test.Login_test" name="elements" time="0.0">
    <skipped/>
  </testcase> <!-- elements -->
</testsuite> <!-- Test -->
